[0.015s] Invoking command in '/home/pknadimp/gazebo_ws/build/my_robot_description': CMAKE_PREFIX_PATH=${CMAKE_PREFIX_PATH}:/home/pknadimp/ros2_ws/install/my_py_pkg:/opt/ros/humble /usr/bin/cmake --build /home/pknadimp/gazebo_ws/build/my_robot_description -- -j3 -l3
[0.060s] Invoked command in '/home/pknadimp/gazebo_ws/build/my_robot_description' returned '0': CMAKE_PREFIX_PATH=${CMAKE_PREFIX_PATH}:/home/pknadimp/ros2_ws/install/my_py_pkg:/opt/ros/humble /usr/bin/cmake --build /home/pknadimp/gazebo_ws/build/my_robot_description -- -j3 -l3
[0.094s] Invoking command in '/home/pknadimp/gazebo_ws/build/my_robot_description': CMAKE_PREFIX_PATH=${CMAKE_PREFIX_PATH}:/home/pknadimp/ros2_ws/install/my_py_pkg:/opt/ros/humble /usr/bin/cmake --install /home/pknadimp/gazebo_ws/build/my_robot_description
[0.100s] -- Install configuration: ""
[0.101s] -- Execute custom install script
[0.101s] -- Up-to-date symlink: /home/pknadimp/gazebo_ws/install/my_robot_description/share/my_robot_description//urdf/common_properties.xacro
[0.101s] -- Up-to-date symlink: /home/pknadimp/gazebo_ws/install/my_robot_description/share/my_robot_description//urdf/mobile_base.xacro
[0.102s] -- Up-to-date symlink: /home/pknadimp/gazebo_ws/install/my_robot_description/share/my_robot_description//urdf/my_robot.urdf.xacro
[0.102s] -- Up-to-date symlink: /home/pknadimp/gazebo_ws/install/my_robot_description/share/my_robot_description//launch/display.launch.py
[0.102s] -- Up-to-date symlink: /home/pknadimp/gazebo_ws/install/my_robot_description/share/my_robot_description//rviz/urdf_config.rviz
[0.102s] -- Up-to-date symlink: /home/pknadimp/gazebo_ws/install/my_robot_description/share/ament_index/resource_index/package_run_dependencies/my_robot_description
[0.102s] -- Up-to-date symlink: /home/pknadimp/gazebo_ws/install/my_robot_description/share/ament_index/resource_index/parent_prefix_path/my_robot_description
[0.103s] -- Up-to-date symlink: /home/pknadimp/gazebo_ws/install/my_robot_description/share/my_robot_description/environment/ament_prefix_path.sh
[0.104s] -- Up-to-date symlink: /home/pknadimp/gazebo_ws/install/my_robot_description/share/my_robot_description/environment/ament_prefix_path.dsv
[0.104s] -- Up-to-date symlink: /home/pknadimp/gazebo_ws/install/my_robot_description/share/my_robot_description/environment/path.sh
[0.104s] -- Up-to-date symlink: /home/pknadimp/gazebo_ws/install/my_robot_description/share/my_robot_description/environment/path.dsv
[0.104s] -- Up-to-date symlink: /home/pknadimp/gazebo_ws/install/my_robot_description/share/my_robot_description/local_setup.bash
[0.104s] -- Up-to-date symlink: /home/pknadimp/gazebo_ws/install/my_robot_description/share/my_robot_description/local_setup.sh
[0.104s] -- Up-to-date symlink: /home/pknadimp/gazebo_ws/install/my_robot_description/share/my_robot_description/local_setup.zsh
[0.104s] -- Up-to-date symlink: /home/pknadimp/gazebo_ws/install/my_robot_description/share/my_robot_description/local_setup.dsv
[0.104s] -- Symlinking: /home/pknadimp/gazebo_ws/install/my_robot_description/share/my_robot_description/package.dsv
[0.122s] -- Up-to-date symlink: /home/pknadimp/gazebo_ws/install/my_robot_description/share/ament_index/resource_index/packages/my_robot_description
[0.127s] -- Up-to-date symlink: /home/pknadimp/gazebo_ws/install/my_robot_description/share/my_robot_description/cmake/my_robot_descriptionConfig.cmake
[0.127s] -- Up-to-date symlink: /home/pknadimp/gazebo_ws/install/my_robot_description/share/my_robot_description/cmake/my_robot_descriptionConfig-version.cmake
[0.127s] -- Up-to-date symlink: /home/pknadimp/gazebo_ws/install/my_robot_description/share/my_robot_description/package.xml
[0.131s] Invoked command in '/home/pknadimp/gazebo_ws/build/my_robot_description' returned '0': CMAKE_PREFIX_PATH=${CMAKE_PREFIX_PATH}:/home/pknadimp/ros2_ws/install/my_py_pkg:/opt/ros/humble /usr/bin/cmake --install /home/pknadimp/gazebo_ws/build/my_robot_description
