[0.015s] Invoking command in '/home/pknadimp/gazebo_ws/build/my_robot_description': CMAKE_PREFIX_PATH=${CMAKE_PREFIX_PATH}:/home/pknadimp/ros2_ws/install/my_py_pkg:/opt/ros/humble /usr/bin/cmake /home/pknadimp/gazebo_ws/src/my_robot_description -DAMENT_CMAKE_SYMLINK_INSTALL=1 -DCMAKE_INSTALL_PREFIX=/home/pknadimp/gazebo_ws/install/my_robot_description
[0.025s] -- Found ament_cmake: 1.3.5 (/opt/ros/humble/share/ament_cmake/cmake)
[0.142s] -- Override CMake install command with custom implementation using symlinks instead of copying resources
[0.166s] -- Found ament_lint_auto: 0.12.7 (/opt/ros/humble/share/ament_lint_auto/cmake)
[0.246s] -- Added test 'flake8' to check Python code syntax and style conventions
[0.246s] -- Added test 'lint_cmake' to check CMake code style
[0.246s] -- Added test 'pep257' to check Python code against some of the docstring style conventions in PEP 257
[0.250s] -- Added test 'xmllint' to check XML markup files
[0.253s] -- Configuring done
[0.253s] -- Generating done
[0.254s] -- Build files have been written to: /home/pknadimp/gazebo_ws/build/my_robot_description
[0.260s] Invoked command in '/home/pknadimp/gazebo_ws/build/my_robot_description' returned '0': CMAKE_PREFIX_PATH=${CMAKE_PREFIX_PATH}:/home/pknadimp/ros2_ws/install/my_py_pkg:/opt/ros/humble /usr/bin/cmake /home/pknadimp/gazebo_ws/src/my_robot_description -DAMENT_CMAKE_SYMLINK_INSTALL=1 -DCMAKE_INSTALL_PREFIX=/home/pknadimp/gazebo_ws/install/my_robot_description
[0.260s] Invoking command in '/home/pknadimp/gazebo_ws/build/my_robot_description': CMAKE_PREFIX_PATH=${CMAKE_PREFIX_PATH}:/home/pknadimp/ros2_ws/install/my_py_pkg:/opt/ros/humble /usr/bin/cmake --build /home/pknadimp/gazebo_ws/build/my_robot_description -- -j4 -l4
[0.300s] Invoked command in '/home/pknadimp/gazebo_ws/build/my_robot_description' returned '0': CMAKE_PREFIX_PATH=${CMAKE_PREFIX_PATH}:/home/pknadimp/ros2_ws/install/my_py_pkg:/opt/ros/humble /usr/bin/cmake --build /home/pknadimp/gazebo_ws/build/my_robot_description -- -j4 -l4
[0.337s] Invoking command in '/home/pknadimp/gazebo_ws/build/my_robot_description': CMAKE_PREFIX_PATH=${CMAKE_PREFIX_PATH}:/home/pknadimp/ros2_ws/install/my_py_pkg:/opt/ros/humble /usr/bin/cmake --install /home/pknadimp/gazebo_ws/build/my_robot_description
[0.356s] -- Install configuration: ""
[0.356s] -- Execute custom install script
[0.356s] -- Symlinking: /home/pknadimp/gazebo_ws/install/my_robot_description/share/my_robot_description//urdf/my_robot.urdf.xacro
[0.362s] -- Symlinking: /home/pknadimp/gazebo_ws/install/my_robot_description/share/my_robot_description//launch/display.launch.py
[0.370s] -- Symlinking: /home/pknadimp/gazebo_ws/install/my_robot_description/share/my_robot_description//rviz/urdf_config.rviz
[0.378s] -- Symlinking: /home/pknadimp/gazebo_ws/install/my_robot_description/share/ament_index/resource_index/package_run_dependencies/my_robot_description
[0.387s] -- Symlinking: /home/pknadimp/gazebo_ws/install/my_robot_description/share/ament_index/resource_index/parent_prefix_path/my_robot_description
[0.398s] -- Symlinking: /home/pknadimp/gazebo_ws/install/my_robot_description/share/my_robot_description/environment/ament_prefix_path.sh
[0.406s] -- Symlinking: /home/pknadimp/gazebo_ws/install/my_robot_description/share/my_robot_description/environment/ament_prefix_path.dsv
[0.416s] -- Symlinking: /home/pknadimp/gazebo_ws/install/my_robot_description/share/my_robot_description/environment/path.sh
[0.426s] -- Symlinking: /home/pknadimp/gazebo_ws/install/my_robot_description/share/my_robot_description/environment/path.dsv
[0.442s] -- Symlinking: /home/pknadimp/gazebo_ws/install/my_robot_description/share/my_robot_description/local_setup.bash
[0.464s] -- Symlinking: /home/pknadimp/gazebo_ws/install/my_robot_description/share/my_robot_description/local_setup.sh
[0.474s] -- Symlinking: /home/pknadimp/gazebo_ws/install/my_robot_description/share/my_robot_description/local_setup.zsh
[0.483s] -- Symlinking: /home/pknadimp/gazebo_ws/install/my_robot_description/share/my_robot_description/local_setup.dsv
[0.491s] -- Symlinking: /home/pknadimp/gazebo_ws/install/my_robot_description/share/my_robot_description/package.dsv
[0.500s] -- Symlinking: /home/pknadimp/gazebo_ws/install/my_robot_description/share/ament_index/resource_index/packages/my_robot_description
[0.509s] -- Symlinking: /home/pknadimp/gazebo_ws/install/my_robot_description/share/my_robot_description/cmake/my_robot_descriptionConfig.cmake
[0.518s] -- Symlinking: /home/pknadimp/gazebo_ws/install/my_robot_description/share/my_robot_description/cmake/my_robot_descriptionConfig-version.cmake
[0.527s] -- Symlinking: /home/pknadimp/gazebo_ws/install/my_robot_description/share/my_robot_description/package.xml
[0.556s] Invoked command in '/home/pknadimp/gazebo_ws/build/my_robot_description' returned '0': CMAKE_PREFIX_PATH=${CMAKE_PREFIX_PATH}:/home/pknadimp/ros2_ws/install/my_py_pkg:/opt/ros/humble /usr/bin/cmake --install /home/pknadimp/gazebo_ws/build/my_robot_description
