[0.017s] Invoking command in '/home/pknadimp/gazebo_ws/build/my_robot_description': CMAKE_PREFIX_PATH=${CMAKE_PREFIX_PATH}:/home/pknadimp/ros2_ws/install/my_py_pkg:/opt/ros/humble /usr/bin/cmake --build /home/pknadimp/gazebo_ws/build/my_robot_description -- -j4 -l4
[0.087s] -- Found ament_cmake: 1.3.5 (/opt/ros/humble/share/ament_cmake/cmake)
[0.292s] -- Found ament_lint_auto: 0.12.7 (/opt/ros/humble/share/ament_lint_auto/cmake)
[0.379s] -- Added test 'flake8' to check Python code syntax and style conventions
[0.380s] -- Added test 'lint_cmake' to check CMake code style
[0.381s] -- Added test 'pep257' to check Python code against some of the docstring style conventions in PEP 257
[0.382s] -- Added test 'xmllint' to check XML markup files
[0.386s] -- Configuring done
[0.395s] -- Generating done
[0.396s] -- Build files have been written to: /home/pknadimp/gazebo_ws/build/my_robot_description
[0.418s] Invoked command in '/home/pknadimp/gazebo_ws/build/my_robot_description' returned '0': CMAKE_PREFIX_PATH=${CMAKE_PREFIX_PATH}:/home/pknadimp/ros2_ws/install/my_py_pkg:/opt/ros/humble /usr/bin/cmake --build /home/pknadimp/gazebo_ws/build/my_robot_description -- -j4 -l4
[0.464s] Invoking command in '/home/pknadimp/gazebo_ws/build/my_robot_description': CMAKE_PREFIX_PATH=${CMAKE_PREFIX_PATH}:/home/pknadimp/ros2_ws/install/my_py_pkg:/opt/ros/humble /usr/bin/cmake --install /home/pknadimp/gazebo_ws/build/my_robot_description
[0.470s] -- Install configuration: ""
[0.470s] -- Up-to-date: /home/pknadimp/gazebo_ws/install/my_robot_description/share/my_robot_description//urdf
[0.471s] -- Up-to-date: /home/pknadimp/gazebo_ws/install/my_robot_description/share/my_robot_description//urdf/my_robot.urdf
[0.471s] -- Up-to-date: /home/pknadimp/gazebo_ws/install/my_robot_description/share/my_robot_description//launch
[0.471s] -- Installing: /home/pknadimp/gazebo_ws/install/my_robot_description/share/my_robot_description//launch/display.launch.py
[0.471s] -- Installing: /home/pknadimp/gazebo_ws/install/my_robot_description/share/my_robot_description//rviz
[0.471s] -- Installing: /home/pknadimp/gazebo_ws/install/my_robot_description/share/my_robot_description//rviz/urdf_config.rviz
[0.471s] -- Up-to-date: /home/pknadimp/gazebo_ws/install/my_robot_description/share/ament_index/resource_index/package_run_dependencies/my_robot_description
[0.472s] -- Installing: /home/pknadimp/gazebo_ws/install/my_robot_description/share/ament_index/resource_index/parent_prefix_path/my_robot_description
[0.472s] -- Up-to-date: /home/pknadimp/gazebo_ws/install/my_robot_description/share/my_robot_description/environment/ament_prefix_path.sh
[0.472s] -- Installing: /home/pknadimp/gazebo_ws/install/my_robot_description/share/my_robot_description/environment/ament_prefix_path.dsv
[0.472s] -- Up-to-date: /home/pknadimp/gazebo_ws/install/my_robot_description/share/my_robot_description/environment/path.sh
[0.472s] -- Installing: /home/pknadimp/gazebo_ws/install/my_robot_description/share/my_robot_description/environment/path.dsv
[0.473s] -- Up-to-date: /home/pknadimp/gazebo_ws/install/my_robot_description/share/my_robot_description/local_setup.bash
[0.473s] -- Up-to-date: /home/pknadimp/gazebo_ws/install/my_robot_description/share/my_robot_description/local_setup.sh
[0.473s] -- Up-to-date: /home/pknadimp/gazebo_ws/install/my_robot_description/share/my_robot_description/local_setup.zsh
[0.473s] -- Installing: /home/pknadimp/gazebo_ws/install/my_robot_description/share/my_robot_description/local_setup.dsv
[0.473s] -- Installing: /home/pknadimp/gazebo_ws/install/my_robot_description/share/my_robot_description/package.dsv
[0.473s] -- Up-to-date: /home/pknadimp/gazebo_ws/install/my_robot_description/share/ament_index/resource_index/packages/my_robot_description
[0.473s] -- Up-to-date: /home/pknadimp/gazebo_ws/install/my_robot_description/share/my_robot_description/cmake/my_robot_descriptionConfig.cmake
[0.474s] -- Up-to-date: /home/pknadimp/gazebo_ws/install/my_robot_description/share/my_robot_description/cmake/my_robot_descriptionConfig-version.cmake
[0.474s] -- Up-to-date: /home/pknadimp/gazebo_ws/install/my_robot_description/share/my_robot_description/package.xml
[0.477s] Invoked command in '/home/pknadimp/gazebo_ws/build/my_robot_description' returned '0': CMAKE_PREFIX_PATH=${CMAKE_PREFIX_PATH}:/home/pknadimp/ros2_ws/install/my_py_pkg:/opt/ros/humble /usr/bin/cmake --install /home/pknadimp/gazebo_ws/build/my_robot_description
