[0.034s] Invoking command in '/home/pknadimp/gazebo_ws/build/my_robot_description': CMAKE_PREFIX_PATH=${CMAKE_PREFIX_PATH}:/home/pknadimp/ros2_ws/install/my_py_pkg:/opt/ros/humble /usr/bin/cmake /home/pknadimp/gazebo_ws/src/my_robot_description -DCMAKE_INSTALL_PREFIX=/home/pknadimp/gazebo_ws/install/my_robot_description
[0.083s] -- Found ament_cmake: 1.3.5 (/opt/ros/humble/share/ament_cmake/cmake)
[0.264s] -- Override CMake install command with custom implementation using symlinks instead of copying resources
[0.313s] -- Found ament_lint_auto: 0.12.7 (/opt/ros/humble/share/ament_lint_auto/cmake)
[0.411s] -- Added test 'flake8' to check Python code syntax and style conventions
[0.411s] -- Added test 'lint_cmake' to check CMake code style
[0.412s] -- Added test 'pep257' to check Python code against some of the docstring style conventions in PEP 257
[0.414s] -- Added test 'xmllint' to check XML markup files
[0.418s] -- Configuring done
[0.431s] -- Generating done
[0.431s] -- Build files have been written to: /home/pknadimp/gazebo_ws/build/my_robot_description
[0.434s] Invoked command in '/home/pknadimp/gazebo_ws/build/my_robot_description' returned '0': CMAKE_PREFIX_PATH=${CMAKE_PREFIX_PATH}:/home/pknadimp/ros2_ws/install/my_py_pkg:/opt/ros/humble /usr/bin/cmake /home/pknadimp/gazebo_ws/src/my_robot_description -DCMAKE_INSTALL_PREFIX=/home/pknadimp/gazebo_ws/install/my_robot_description
[0.435s] Invoking command in '/home/pknadimp/gazebo_ws/build/my_robot_description': CMAKE_PREFIX_PATH=${CMAKE_PREFIX_PATH}:/home/pknadimp/ros2_ws/install/my_py_pkg:/opt/ros/humble /usr/bin/cmake --build /home/pknadimp/gazebo_ws/build/my_robot_description -- -j3 -l3
[0.475s] Invoked command in '/home/pknadimp/gazebo_ws/build/my_robot_description' returned '0': CMAKE_PREFIX_PATH=${CMAKE_PREFIX_PATH}:/home/pknadimp/ros2_ws/install/my_py_pkg:/opt/ros/humble /usr/bin/cmake --build /home/pknadimp/gazebo_ws/build/my_robot_description -- -j3 -l3
[0.511s] Invoking command in '/home/pknadimp/gazebo_ws/build/my_robot_description': CMAKE_PREFIX_PATH=${CMAKE_PREFIX_PATH}:/home/pknadimp/ros2_ws/install/my_py_pkg:/opt/ros/humble /usr/bin/cmake --install /home/pknadimp/gazebo_ws/build/my_robot_description
[0.517s] -- Install configuration: ""
[0.517s] -- Execute custom install script
[0.518s] -- Symlinking: /home/pknadimp/gazebo_ws/install/my_robot_description/share/my_robot_description//urdf/common_properties.xacro
[0.526s] -- Symlinking: /home/pknadimp/gazebo_ws/install/my_robot_description/share/my_robot_description//urdf/mobile_base.xacro
[0.540s] -- Up-to-date symlink: /home/pknadimp/gazebo_ws/install/my_robot_description/share/my_robot_description//urdf/my_robot.urdf.xacro
[0.541s] -- Up-to-date symlink: /home/pknadimp/gazebo_ws/install/my_robot_description/share/my_robot_description//launch/display.launch.py
[0.542s] -- Up-to-date symlink: /home/pknadimp/gazebo_ws/install/my_robot_description/share/my_robot_description//rviz/urdf_config.rviz
[0.543s] -- Up-to-date symlink: /home/pknadimp/gazebo_ws/install/my_robot_description/share/ament_index/resource_index/package_run_dependencies/my_robot_description
[0.544s] -- Up-to-date symlink: /home/pknadimp/gazebo_ws/install/my_robot_description/share/ament_index/resource_index/parent_prefix_path/my_robot_description
[0.544s] -- Up-to-date symlink: /home/pknadimp/gazebo_ws/install/my_robot_description/share/my_robot_description/environment/ament_prefix_path.sh
[0.545s] -- Up-to-date symlink: /home/pknadimp/gazebo_ws/install/my_robot_description/share/my_robot_description/environment/ament_prefix_path.dsv
[0.545s] -- Up-to-date symlink: /home/pknadimp/gazebo_ws/install/my_robot_description/share/my_robot_description/environment/path.sh
[0.545s] -- Up-to-date symlink: /home/pknadimp/gazebo_ws/install/my_robot_description/share/my_robot_description/environment/path.dsv
[0.546s] -- Up-to-date symlink: /home/pknadimp/gazebo_ws/install/my_robot_description/share/my_robot_description/local_setup.bash
[0.547s] -- Up-to-date symlink: /home/pknadimp/gazebo_ws/install/my_robot_description/share/my_robot_description/local_setup.sh
[0.547s] -- Up-to-date symlink: /home/pknadimp/gazebo_ws/install/my_robot_description/share/my_robot_description/local_setup.zsh
[0.548s] -- Up-to-date symlink: /home/pknadimp/gazebo_ws/install/my_robot_description/share/my_robot_description/local_setup.dsv
[0.548s] -- Symlinking: /home/pknadimp/gazebo_ws/install/my_robot_description/share/my_robot_description/package.dsv
[0.558s] -- Up-to-date symlink: /home/pknadimp/gazebo_ws/install/my_robot_description/share/ament_index/resource_index/packages/my_robot_description
[0.559s] -- Up-to-date symlink: /home/pknadimp/gazebo_ws/install/my_robot_description/share/my_robot_description/cmake/my_robot_descriptionConfig.cmake
[0.559s] -- Up-to-date symlink: /home/pknadimp/gazebo_ws/install/my_robot_description/share/my_robot_description/cmake/my_robot_descriptionConfig-version.cmake
[0.560s] -- Up-to-date symlink: /home/pknadimp/gazebo_ws/install/my_robot_description/share/my_robot_description/package.xml
[0.563s] Invoked command in '/home/pknadimp/gazebo_ws/build/my_robot_description' returned '0': CMAKE_PREFIX_PATH=${CMAKE_PREFIX_PATH}:/home/pknadimp/ros2_ws/install/my_py_pkg:/opt/ros/humble /usr/bin/cmake --install /home/pknadimp/gazebo_ws/build/my_robot_description
